<?xml version="1.0" encoding="UTF-8"?>
<!-- Generated by org.testng.reporters.JUnitReportReporter -->
<testsuite hostname="DESKTOP-LVBKE3A" failures="0" tests="1" name="executeTestTs.DatePickersTest" time="17.613" errors="0" timestamp="2023-01-25T07:44:21 IST" skipped="0">
  <testcase classname="executeTestTs.DatePickersTest" name="selectDate" time="17.613"/>
  <system-out/>
</testsuite> <!-- executeTestTs.DatePickersTest -->
