<?xml version="1.0" encoding="UTF-8"?>
<!-- Generated by org.testng.reporters.JUnitReportReporter -->
<testsuite hostname="DESKTOP-LVBKE3A" failures="0" tests="1" name="executeTestTs.InputFormTest" time="37.012" errors="0" timestamp="2023-01-19T06:58:03 IST" skipped="0">
  <testcase classname="executeTestTs.InputFormTest" name="VerifyInputFormPage" time="37.012"/>
  <system-out/>
</testsuite> <!-- executeTestTs.InputFormTest -->
