<?xml version="1.0" encoding="UTF-8"?>
<!-- Generated by org.testng.reporters.JUnitReportReporter -->
<testsuite hostname="DESKTOP-LVBKE3A" failures="0" tests="1" name="executeTestTs.HomeTest" time="11.672" errors="0" timestamp="2023-01-18T20:47:26 IST" skipped="0">
  <testcase classname="executeTestTs.HomeTest" name="VerifyHomePageLogo" time="11.672"/>
  <system-out/>
</testsuite> <!-- executeTestTs.HomeTest -->
