<?xml version="1.0" encoding="UTF-8"?>
<!-- Generated by org.testng.reporters.JUnitReportReporter -->
<testsuite hostname="DESKTOP-LVBKE3A" failures="0" tests="1" name="executeTestTs.TableTest" time="18.526" errors="0" timestamp="2023-02-06T20:03:30 IST" skipped="0">
  <testcase classname="executeTestTs.TableTest" name="verifyText" time="18.526"/>
  <system-out/>
</testsuite> <!-- executeTestTs.TableTest -->
